<?xml version="1.0" encoding="UTF-8"?>
<testng-results ignored="0" total="1" passed="1" failed="0" skipped="0">
  <reporter-output>
  </reporter-output>
  <suite started-at="2020-07-25T02:06:08 BST" name="Default suite" finished-at="2020-07-25T02:06:15 BST" duration-ms="6378">
    <groups>
    </groups>
    <test started-at="2020-07-25T02:06:08 BST" name="Default test" finished-at="2020-07-25T02:06:15 BST" duration-ms="6378">
      <class name="Test.App">
        <test-method is-config="true" signature="launchBrowser()[pri:0, instance:Test.App@795cd85e]" started-at="2020-07-25T02:06:08 BST" name="launchBrowser" finished-at="2020-07-25T02:06:14 BST" duration-ms="5706" status="PASS">
          <reporter-output>
          </reporter-output>
        </test-method> <!-- launchBrowser -->
        <test-method signature="verifyHomepageTitle()[pri:0, instance:Test.App@795cd85e]" started-at="2020-07-25T02:06:14 BST" name="verifyHomepageTitle" finished-at="2020-07-25T02:06:15 BST" duration-ms="329" status="PASS">
          <reporter-output>
          </reporter-output>
        </test-method> <!-- verifyHomepageTitle -->
        <test-method is-config="true" signature="closeBrowser()[pri:0, instance:Test.App@795cd85e]" started-at="2020-07-25T02:06:15 BST" name="closeBrowser" finished-at="2020-07-25T02:06:15 BST" duration-ms="259" status="PASS">
          <reporter-output>
          </reporter-output>
        </test-method> <!-- closeBrowser -->
      </class> <!-- Test.App -->
    </test> <!-- Default test -->
  </suite> <!-- Default suite -->
</testng-results>
